1634839414859	geckodriver	INFO	Listening on 127.0.0.1:56849
1634839414864	mozrunner::runner	INFO	Running command: "/usr/bin/firefox" "--marionette" "-no-remote" "-profile" "/tmp/rust_mozprofile8yHdjI"
1634839415571	Marionette	INFO	Marionette enabled
console.warn: SearchSettings: "get: No settings file exists, new profile?" (new NotFoundError("Could not open the file at /tmp/rust_mozprofile8yHdjI/search.json.mozlz4", (void 0)))
1634839416826	Marionette	INFO	Listening on port 37001
1634839416910	RemoteAgent	WARN	TLS certificate errors will be ignored for this session
1634839417071	Marionette	INFO	Stopped listening on port 37001
JavaScript error: resource:///modules/Interactions.jsm, line 201: NS_ERROR_FAILURE: Component returned failure code: 0x80004005 (NS_ERROR_FAILURE) [nsIUserIdleService.removeIdleObserver]
1634839433142	geckodriver	INFO	Listening on 127.0.0.1:46017
1634839433147	mozrunner::runner	INFO	Running command: "/usr/bin/firefox" "--marionette" "-no-remote" "-profile" "/tmp/rust_mozprofilerccNsF"
1634839433854	Marionette	INFO	Marionette enabled
console.warn: SearchSettings: "get: No settings file exists, new profile?" (new NotFoundError("Could not open the file at /tmp/rust_mozprofilerccNsF/search.json.mozlz4", (void 0)))
1634839435106	Marionette	INFO	Listening on port 45443
1634839435169	RemoteAgent	WARN	TLS certificate errors will be ignored for this session
1634839435320	Marionette	INFO	Stopped listening on port 45443
JavaScript error: resource:///modules/Interactions.jsm, line 201: NS_ERROR_FAILURE: Component returned failure code: 0x80004005 (NS_ERROR_FAILURE) [nsIUserIdleService.removeIdleObserver]
1634839454493	geckodriver	INFO	Listening on 127.0.0.1:56589
1634839454503	mozrunner::runner	INFO	Running command: "/usr/bin/firefox" "--marionette" "-no-remote" "-profile" "/tmp/rust_mozprofilenRcDht"
1634839455212	Marionette	INFO	Marionette enabled
console.warn: SearchSettings: "get: No settings file exists, new profile?" (new NotFoundError("Could not open the file at /tmp/rust_mozprofilenRcDht/search.json.mozlz4", (void 0)))
1634839456403	Marionette	INFO	Listening on port 41523
1634839456422	RemoteAgent	WARN	TLS certificate errors will be ignored for this session
1634839456562	Marionette	INFO	Stopped listening on port 41523
JavaScript error: resource:///modules/Interactions.jsm, line 201: NS_ERROR_FAILURE: Component returned failure code: 0x80004005 (NS_ERROR_FAILURE) [nsIUserIdleService.removeIdleObserver]
1634839523418	geckodriver	INFO	Listening on 127.0.0.1:46931
1634839523422	mozrunner::runner	INFO	Running command: "/usr/bin/firefox" "--marionette" "-no-remote" "-profile" "/tmp/rust_mozprofileQUJEKd"
1634839524151	Marionette	INFO	Marionette enabled
console.warn: SearchSettings: "get: No settings file exists, new profile?" (new NotFoundError("Could not open the file at /tmp/rust_mozprofileQUJEKd/search.json.mozlz4", (void 0)))
1634839525403	Marionette	INFO	Listening on port 33049
1634839525441	RemoteAgent	WARN	TLS certificate errors will be ignored for this session
1634839525602	Marionette	INFO	Stopped listening on port 33049
JavaScript error: resource:///modules/Interactions.jsm, line 201: NS_ERROR_FAILURE: Component returned failure code: 0x80004005 (NS_ERROR_FAILURE) [nsIUserIdleService.removeIdleObserver]
1634839552028	geckodriver	INFO	Listening on 127.0.0.1:33957
1634839552033	mozrunner::runner	INFO	Running command: "/usr/bin/firefox" "--marionette" "-no-remote" "-profile" "/tmp/rust_mozprofileBJoUDV"
1634839552759	Marionette	INFO	Marionette enabled
console.warn: SearchSettings: "get: No settings file exists, new profile?" (new NotFoundError("Could not open the file at /tmp/rust_mozprofileBJoUDV/search.json.mozlz4", (void 0)))
1634839553991	Marionette	INFO	Listening on port 37465
1634839554060	RemoteAgent	WARN	TLS certificate errors will be ignored for this session
JavaScript error: resource://gre/actors/AutoCompleteChild.jsm, line 125: Error: Invalid autocomplete selectedIndex
1634839556675	Marionette	INFO	Stopped listening on port 37465
JavaScript error: resource:///modules/Interactions.jsm, line 201: NS_ERROR_FAILURE: Component returned failure code: 0x80004005 (NS_ERROR_FAILURE) [nsIUserIdleService.removeIdleObserver]

###!!! [Parent][RunMessage] Error: Channel closing: too late to send/recv, messages will be lost

1634839945292	geckodriver	INFO	Listening on 127.0.0.1:56987
1634839946301	mozrunner::runner	INFO	Running command: "/usr/bin/firefox" "--marionette" "-no-remote" "-profile" "/tmp/rust_mozprofileocYJQQ"
1634839947027	Marionette	INFO	Marionette enabled
console.warn: SearchSettings: "get: No settings file exists, new profile?" (new NotFoundError("Could not open the file at /tmp/rust_mozprofileocYJQQ/search.json.mozlz4", (void 0)))
1634839948270	Marionette	INFO	Listening on port 33199
1634839948320	RemoteAgent	WARN	TLS certificate errors will be ignored for this session
JavaScript error: resource://gre/actors/AutoCompleteChild.jsm, line 125: Error: Invalid autocomplete selectedIndex
1634839950721	Marionette	INFO	Stopped listening on port 33199
JavaScript error: resource:///modules/Interactions.jsm, line 201: NS_ERROR_FAILURE: Component returned failure code: 0x80004005 (NS_ERROR_FAILURE) [nsIUserIdleService.removeIdleObserver]
1634839996190	geckodriver	INFO	Listening on 127.0.0.1:57313
1634839997207	mozrunner::runner	INFO	Running command: "/usr/bin/firefox" "--marionette" "-no-remote" "-profile" "/tmp/rust_mozprofile7X15Il"
1634839997956	Marionette	INFO	Marionette enabled
console.warn: SearchSettings: "get: No settings file exists, new profile?" (new NotFoundError("Could not open the file at /tmp/rust_mozprofile7X15Il/search.json.mozlz4", (void 0)))
1634839999235	Marionette	INFO	Listening on port 45913
1634839999347	RemoteAgent	WARN	TLS certificate errors will be ignored for this session
JavaScript error: resource://gre/actors/AutoCompleteChild.jsm, line 125: Error: Invalid autocomplete selectedIndex
1634840001790	Marionette	INFO	Stopped listening on port 45913
JavaScript error: resource:///modules/Interactions.jsm, line 201: NS_ERROR_FAILURE: Component returned failure code: 0x80004005 (NS_ERROR_FAILURE) [nsIUserIdleService.removeIdleObserver]
1634840033470	geckodriver	INFO	Listening on 127.0.0.1:40713
1634840034479	mozrunner::runner	INFO	Running command: "/usr/bin/firefox" "--marionette" "-no-remote" "-profile" "/tmp/rust_mozprofileMFNx2R"
1634840035201	Marionette	INFO	Marionette enabled
console.warn: SearchSettings: "get: No settings file exists, new profile?" (new NotFoundError("Could not open the file at /tmp/rust_mozprofileMFNx2R/search.json.mozlz4", (void 0)))
1634840036501	Marionette	INFO	Listening on port 33711
1634840036600	RemoteAgent	WARN	TLS certificate errors will be ignored for this session
JavaScript error: resource://gre/actors/AutoCompleteChild.jsm, line 125: Error: Invalid autocomplete selectedIndex
1634840038957	Marionette	INFO	Stopped listening on port 33711
JavaScript error: resource:///modules/Interactions.jsm, line 201: NS_ERROR_FAILURE: Component returned failure code: 0x80004005 (NS_ERROR_FAILURE) [nsIUserIdleService.removeIdleObserver]

###!!! [Parent][RunMessage] Error: Channel closing: too late to send/recv, messages will be lost

1634840047916	geckodriver	INFO	Listening on 127.0.0.1:58609
1634840048926	mozrunner::runner	INFO	Running command: "/usr/bin/firefox" "--marionette" "-no-remote" "-profile" "/tmp/rust_mozprofileYZFB0m"
1634840049656	Marionette	INFO	Marionette enabled
console.warn: SearchSettings: "get: No settings file exists, new profile?" (new NotFoundError("Could not open the file at /tmp/rust_mozprofileYZFB0m/search.json.mozlz4", (void 0)))
1634840050804	Marionette	INFO	Listening on port 34989
1634840050846	RemoteAgent	WARN	TLS certificate errors will be ignored for this session
JavaScript error: resource://gre/actors/AutoCompleteChild.jsm, line 125: Error: Invalid autocomplete selectedIndex
1634840053243	Marionette	INFO	Stopped listening on port 34989
JavaScript error: resource:///modules/Interactions.jsm, line 201: NS_ERROR_FAILURE: Component returned failure code: 0x80004005 (NS_ERROR_FAILURE) [nsIUserIdleService.removeIdleObserver]

###!!! [Parent][RunMessage] Error: Channel closing: too late to send/recv, messages will be lost

1634840061989	geckodriver	INFO	Listening on 127.0.0.1:58307
1634840062998	mozrunner::runner	INFO	Running command: "/usr/bin/firefox" "--marionette" "-no-remote" "-profile" "/tmp/rust_mozprofileGG5bl8"
1634840063761	Marionette	INFO	Marionette enabled
console.warn: SearchSettings: "get: No settings file exists, new profile?" (new NotFoundError("Could not open the file at /tmp/rust_mozprofileGG5bl8/search.json.mozlz4", (void 0)))
1634840064993	Marionette	INFO	Listening on port 46393
1634840065020	RemoteAgent	WARN	TLS certificate errors will be ignored for this session
JavaScript error: resource://gre/actors/AutoCompleteChild.jsm, line 125: Error: Invalid autocomplete selectedIndex
1634840067403	Marionette	INFO	Stopped listening on port 46393
JavaScript error: resource:///modules/Interactions.jsm, line 201: NS_ERROR_FAILURE: Component returned failure code: 0x80004005 (NS_ERROR_FAILURE) [nsIUserIdleService.removeIdleObserver]

###!!! [Parent][RunMessage] Error: Channel closing: too late to send/recv, messages will be lost

1634840109343	geckodriver	INFO	Listening on 127.0.0.1:48147
1634840110352	mozrunner::runner	INFO	Running command: "/usr/bin/firefox" "--marionette" "-no-remote" "-profile" "/tmp/rust_mozprofile8eHNwF"
1634840111089	Marionette	INFO	Marionette enabled
console.warn: SearchSettings: "get: No settings file exists, new profile?" (new NotFoundError("Could not open the file at /tmp/rust_mozprofile8eHNwF/search.json.mozlz4", (void 0)))
1634840112370	Marionette	INFO	Listening on port 45827
1634840112477	RemoteAgent	WARN	TLS certificate errors will be ignored for this session
JavaScript error: resource://gre/actors/AutoCompleteChild.jsm, line 125: Error: Invalid autocomplete selectedIndex
1634840114888	Marionette	INFO	Stopped listening on port 45827
JavaScript error: resource:///modules/Interactions.jsm, line 201: NS_ERROR_FAILURE: Component returned failure code: 0x80004005 (NS_ERROR_FAILURE) [nsIUserIdleService.removeIdleObserver]
1634840302192	geckodriver	INFO	Listening on 127.0.0.1:54933
1634840303208	mozrunner::runner	INFO	Running command: "/usr/bin/firefox" "--marionette" "-no-remote" "-profile" "/tmp/rust_mozprofileVG8ExG"
1634840303938	Marionette	INFO	Marionette enabled
console.warn: SearchSettings: "get: No settings file exists, new profile?" (new NotFoundError("Could not open the file at /tmp/rust_mozprofileVG8ExG/search.json.mozlz4", (void 0)))
1634840305239	Marionette	INFO	Listening on port 39573
1634840305334	RemoteAgent	WARN	TLS certificate errors will be ignored for this session
JavaScript error: resource://gre/actors/AutoCompleteChild.jsm, line 125: Error: Invalid autocomplete selectedIndex
1634840307716	Marionette	INFO	Stopped listening on port 39573
JavaScript error: resource:///modules/Interactions.jsm, line 201: NS_ERROR_FAILURE: Component returned failure code: 0x80004005 (NS_ERROR_FAILURE) [nsIUserIdleService.removeIdleObserver]
1634840334334	geckodriver	INFO	Listening on 127.0.0.1:60613
1634840335350	mozrunner::runner	INFO	Running command: "/usr/bin/firefox" "--marionette" "-no-remote" "-profile" "/tmp/rust_mozprofileENmwKn"
1634840336118	Marionette	INFO	Marionette enabled
console.warn: SearchSettings: "get: No settings file exists, new profile?" (new NotFoundError("Could not open the file at /tmp/rust_mozprofileENmwKn/search.json.mozlz4", (void 0)))
1634840337430	Marionette	INFO	Listening on port 38851
1634840337486	RemoteAgent	WARN	TLS certificate errors will be ignored for this session
JavaScript error: resource://gre/actors/AutoCompleteChild.jsm, line 125: Error: Invalid autocomplete selectedIndex
1634840339835	Marionette	INFO	Stopped listening on port 38851
JavaScript error: resource:///modules/Interactions.jsm, line 201: NS_ERROR_FAILURE: Component returned failure code: 0x80004005 (NS_ERROR_FAILURE) [nsIUserIdleService.removeIdleObserver]
1634840429475	geckodriver	INFO	Listening on 127.0.0.1:58485
1634840430482	mozrunner::runner	INFO	Running command: "/usr/bin/firefox" "--marionette" "-no-remote" "-profile" "/tmp/rust_mozprofile0Yvd4f"
1634840431225	Marionette	INFO	Marionette enabled
console.warn: SearchSettings: "get: No settings file exists, new profile?" (new NotFoundError("Could not open the file at /tmp/rust_mozprofile0Yvd4f/search.json.mozlz4", (void 0)))
1634840432430	Marionette	INFO	Listening on port 42235
1634840432502	RemoteAgent	WARN	TLS certificate errors will be ignored for this session
JavaScript error: resource://gre/actors/AutoCompleteChild.jsm, line 125: Error: Invalid autocomplete selectedIndex
1634840434908	Marionette	INFO	Stopped listening on port 42235
JavaScript error: resource:///modules/Interactions.jsm, line 201: NS_ERROR_FAILURE: Component returned failure code: 0x80004005 (NS_ERROR_FAILURE) [nsIUserIdleService.removeIdleObserver]

###!!! [Parent][RunMessage] Error: Channel closing: too late to send/recv, messages will be lost

1634840523585	geckodriver	INFO	Listening on 127.0.0.1:60207
1634840523590	mozrunner::runner	INFO	Running command: "/usr/bin/firefox" "--marionette" "-no-remote" "-profile" "/tmp/rust_mozprofileEMFN7c"
1634840524298	Marionette	INFO	Marionette enabled
console.warn: SearchSettings: "get: No settings file exists, new profile?" (new NotFoundError("Could not open the file at /tmp/rust_mozprofileEMFN7c/search.json.mozlz4", (void 0)))
1634840525521	Marionette	INFO	Listening on port 41485
1634840525619	RemoteAgent	WARN	TLS certificate errors will be ignored for this session
JavaScript error: resource://gre/actors/AutoCompleteChild.jsm, line 125: Error: Invalid autocomplete selectedIndex
1634840528024	Marionette	INFO	Stopped listening on port 41485
JavaScript error: resource:///modules/Interactions.jsm, line 201: NS_ERROR_FAILURE: Component returned failure code: 0x80004005 (NS_ERROR_FAILURE) [nsIUserIdleService.removeIdleObserver]

###!!! [Parent][RunMessage] Error: Channel closing: too late to send/recv, messages will be lost

1634840535648	geckodriver	INFO	Listening on 127.0.0.1:45251
1634840535652	mozrunner::runner	INFO	Running command: "/usr/bin/firefox" "--marionette" "-no-remote" "-profile" "/tmp/rust_mozprofileTyoreO"
1634840536369	Marionette	INFO	Marionette enabled
console.warn: SearchSettings: "get: No settings file exists, new profile?" (new NotFoundError("Could not open the file at /tmp/rust_mozprofileTyoreO/search.json.mozlz4", (void 0)))
1634840537608	Marionette	INFO	Listening on port 44425
1634840537671	RemoteAgent	WARN	TLS certificate errors will be ignored for this session
JavaScript error: resource://gre/actors/AutoCompleteChild.jsm, line 125: Error: Invalid autocomplete selectedIndex
1634840540044	Marionette	INFO	Stopped listening on port 44425
JavaScript error: resource:///modules/Interactions.jsm, line 201: NS_ERROR_FAILURE: Component returned failure code: 0x80004005 (NS_ERROR_FAILURE) [nsIUserIdleService.removeIdleObserver]
1634840616049	geckodriver	INFO	Listening on 127.0.0.1:57703
1634840617072	mozrunner::runner	INFO	Running command: "/usr/bin/firefox" "--marionette" "-no-remote" "-profile" "/tmp/rust_mozprofile9BXH8R"
1634840617833	Marionette	INFO	Marionette enabled
console.warn: SearchSettings: "get: No settings file exists, new profile?" (new NotFoundError("Could not open the file at /tmp/rust_mozprofile9BXH8R/search.json.mozlz4", (void 0)))
1634840619120	Marionette	INFO	Listening on port 39999
1634840619220	RemoteAgent	WARN	TLS certificate errors will be ignored for this session
JavaScript error: resource://gre/actors/AutoCompleteChild.jsm, line 125: Error: Invalid autocomplete selectedIndex
1634840621634	Marionette	INFO	Stopped listening on port 39999
JavaScript error: resource:///modules/Interactions.jsm, line 201: NS_ERROR_FAILURE: Component returned failure code: 0x80004005 (NS_ERROR_FAILURE) [nsIUserIdleService.removeIdleObserver]

###!!! [Parent][RunMessage] Error: Channel closing: too late to send/recv, messages will be lost

1634840628027	geckodriver	INFO	Listening on 127.0.0.1:35019
1634840629043	mozrunner::runner	INFO	Running command: "/usr/bin/firefox" "--marionette" "-no-remote" "-profile" "/tmp/rust_mozprofileOCcF5w"
1634840629794	Marionette	INFO	Marionette enabled
console.warn: SearchSettings: "get: No settings file exists, new profile?" (new NotFoundError("Could not open the file at /tmp/rust_mozprofileOCcF5w/search.json.mozlz4", (void 0)))
1634840631019	Marionette	INFO	Listening on port 42447
1634840631065	RemoteAgent	WARN	TLS certificate errors will be ignored for this session
JavaScript error: resource://gre/actors/AutoCompleteChild.jsm, line 125: Error: Invalid autocomplete selectedIndex
1634840633456	Marionette	INFO	Stopped listening on port 42447
JavaScript error: resource:///modules/Interactions.jsm, line 201: NS_ERROR_FAILURE: Component returned failure code: 0x80004005 (NS_ERROR_FAILURE) [nsIUserIdleService.removeIdleObserver]

###!!! [Parent][RunMessage] Error: Channel closing: too late to send/recv, messages will be lost

1634841149401	geckodriver	INFO	Listening on 127.0.0.1:55455
1634841150410	mozrunner::runner	INFO	Running command: "/usr/bin/firefox" "--marionette" "-no-remote" "-profile" "/tmp/rust_mozprofile81vUP0"
1634841151146	Marionette	INFO	Marionette enabled
console.warn: SearchSettings: "get: No settings file exists, new profile?" (new NotFoundError("Could not open the file at /tmp/rust_mozprofile81vUP0/search.json.mozlz4", (void 0)))
1634841152379	Marionette	INFO	Listening on port 39913
1634841152440	RemoteAgent	WARN	TLS certificate errors will be ignored for this session
JavaScript error: resource://gre/actors/AutoCompleteChild.jsm, line 125: Error: Invalid autocomplete selectedIndex
1634841153829	Marionette	INFO	Stopped listening on port 39913
JavaScript error: resource:///modules/Interactions.jsm, line 201: NS_ERROR_FAILURE: Component returned failure code: 0x80004005 (NS_ERROR_FAILURE) [nsIUserIdleService.removeIdleObserver]
1634841213124	geckodriver	INFO	Listening on 127.0.0.1:53095
1634841214134	mozrunner::runner	INFO	Running command: "/usr/bin/firefox" "--marionette" "-no-remote" "-profile" "/tmp/rust_mozprofileOJ6WyK"
1634841214870	Marionette	INFO	Marionette enabled
console.warn: SearchSettings: "get: No settings file exists, new profile?" (new NotFoundError("Could not open the file at /tmp/rust_mozprofileOJ6WyK/search.json.mozlz4", (void 0)))
1634841216222	Marionette	INFO	Listening on port 43989
1634841216264	RemoteAgent	WARN	TLS certificate errors will be ignored for this session
JavaScript error: resource://gre/actors/AutoCompleteChild.jsm, line 125: Error: Invalid autocomplete selectedIndex
1634841226715	Marionette	INFO	Stopped listening on port 43989
JavaScript error: resource:///modules/Interactions.jsm, line 201: NS_ERROR_FAILURE: Component returned failure code: 0x80004005 (NS_ERROR_FAILURE) [nsIUserIdleService.removeIdleObserver]

###!!! [Parent][RunMessage] Error: Channel closing: too late to send/recv, messages will be lost

1634841267392	geckodriver	INFO	Listening on 127.0.0.1:50269
1634841268402	mozrunner::runner	INFO	Running command: "/usr/bin/firefox" "--marionette" "-no-remote" "-profile" "/tmp/rust_mozprofilebTbs4Y"
1634841269125	Marionette	INFO	Marionette enabled
console.warn: SearchSettings: "get: No settings file exists, new profile?" (new NotFoundError("Could not open the file at /tmp/rust_mozprofilebTbs4Y/search.json.mozlz4", (void 0)))
1634841270425	Marionette	INFO	Listening on port 39791
1634841270529	RemoteAgent	WARN	TLS certificate errors will be ignored for this session
JavaScript error: resource://gre/actors/AutoCompleteChild.jsm, line 125: Error: Invalid autocomplete selectedIndex
1634841280958	Marionette	INFO	Stopped listening on port 39791
JavaScript error: resource:///modules/Interactions.jsm, line 201: NS_ERROR_FAILURE: Component returned failure code: 0x80004005 (NS_ERROR_FAILURE) [nsIUserIdleService.removeIdleObserver]

###!!! [Parent][RunMessage] Error: Channel closing: too late to send/recv, messages will be lost

1634841307488	geckodriver	INFO	Listening on 127.0.0.1:41297
1634841308505	mozrunner::runner	INFO	Running command: "/usr/bin/firefox" "--marionette" "-no-remote" "-profile" "/tmp/rust_mozprofile5Wgjxg"
1634841309291	Marionette	INFO	Marionette enabled
console.warn: SearchSettings: "get: No settings file exists, new profile?" (new NotFoundError("Could not open the file at /tmp/rust_mozprofile5Wgjxg/search.json.mozlz4", (void 0)))
1634841310477	Marionette	INFO	Listening on port 36819
1634841310556	RemoteAgent	WARN	TLS certificate errors will be ignored for this session
JavaScript error: resource://gre/actors/AutoCompleteChild.jsm, line 125: Error: Invalid autocomplete selectedIndex
1634841311985	Marionette	INFO	Stopped listening on port 36819
JavaScript error: resource:///modules/Interactions.jsm, line 201: NS_ERROR_FAILURE: Component returned failure code: 0x80004005 (NS_ERROR_FAILURE) [nsIUserIdleService.removeIdleObserver]

###!!! [Parent][RunMessage] Error: Channel closing: too late to send/recv, messages will be lost

